#-----------------------------------------------------------
# Vivado v2018.3 (64-bit)
# SW Build 2405991 on Thu Dec  6 23:38:27 MST 2018
# IP Build 2404404 on Fri Dec  7 01:43:56 MST 2018
# Start of session at: Sun May 26 23:12:16 2019
# Process ID: 2716
# Current directory: D:/UT an3 sem2/SSC/AMD_processor
# Command line: vivado.exe -gui_launcher_event rodinguilauncherevent10112 D:\UT an3 sem2\SSC\AMD_processor\AMD_processor.xpr
# Log file: D:/UT an3 sem2/SSC/AMD_processor/vivado.log
# Journal file: D:/UT an3 sem2/SSC/AMD_processor\vivado.jou
#-----------------------------------------------------------
start_gui
open_project {D:/UT an3 sem2/SSC/AMD_processor/AMD_processor.xpr}
Scanning sources...
Finished scanning sources
INFO: [IP_Flow 19-234] Refreshing IP repositories
INFO: [IP_Flow 19-1704] No user IP repositories specified
INFO: [IP_Flow 19-2313] Loaded Vivado IP repository 'D:/Vivado/2018.3/data/ip'.
open_project: Time (s): cpu = 00:00:27 ; elapsed = 00:00:14 . Memory (MB): peak = 681.770 ; gain = 118.309
update_compile_order -fileset sources_1
exit
INFO: [Common 17-206] Exiting Vivado at Mon May 27 00:50:13 2019...
