#-----------------------------------------------------------
# Vivado v2018.3 (64-bit)
# SW Build 2405991 on Thu Dec  6 23:38:27 MST 2018
# IP Build 2404404 on Fri Dec  7 01:43:56 MST 2018
# Start of session at: Tue May 28 11:31:14 2019
# Process ID: 10156
# Current directory: D:/UT an3 sem2/SSC/AMD_processor
# Command line: vivado.exe -gui_launcher_event rodinguilauncherevent4128 D:\UT an3 sem2\SSC\AMD_processor\AMD_processor.xpr
# Log file: D:/UT an3 sem2/SSC/AMD_processor/vivado.log
# Journal file: D:/UT an3 sem2/SSC/AMD_processor\vivado.jou
#-----------------------------------------------------------
start_gui
open_project {D:/UT an3 sem2/SSC/AMD_processor/AMD_processor.xpr}
Scanning sources...
Finished scanning sources
INFO: [IP_Flow 19-234] Refreshing IP repositories
INFO: [IP_Flow 19-1704] No user IP repositories specified
INFO: [IP_Flow 19-2313] Loaded Vivado IP repository 'D:/Vivado/2018.3/data/ip'.
open_project: Time (s): cpu = 00:00:27 ; elapsed = 00:00:19 . Memory (MB): peak = 685.406 ; gain = 125.027
update_compile_order -fileset sources_1
exit
INFO: [Common 17-206] Exiting Vivado at Tue May 28 12:09:37 2019...
